# JRE version: Java(TM) SE Runtime Environment (24.0.1+9) (build 24.0.1+9-30)
# Java VM: Java HotSpot(TM) 64-Bit Server VM (24.0.1+9-30, mixed mode, sharing, tiered, compressed oops, compressed class ptrs, g1 gc, windows-amd64)
GC Precious Log:
 CardTable entry size: 512
 Card Set container configuration: InlinePtr #cards 4 size 8 Array Of Cards #cards 16 size 48 Howl #buckets 8 coarsen threshold 3686 Howl Bitmap #cards 512 size 80 coarsen threshold 460 Card regions per heap region 1 cards per card region 4096
 CPUs: 4 total, 4 available
 Memory: 12174M
 Large Page Support: Disabled
 NUMA Support: Disabled
 Compressed Oops: Enabled (Zero based)
 Heap Region Size: 2M
 Heap Min Capacity: 8M
 Heap Initial Capacity: 192M
 Heap Max Capacity: 3044M
 Pre-touch: Disabled
 Parallel Workers: 4
 Concurrent Workers: 1
 Concurrent Refinement Workers: 4
 Periodic GC: Disabled
Heap:
 garbage-first heap   total reserved 3117056K, committed 878592K, used 80711K [0x0000000741c00000, 0x0000000800000000)
  region size 2048K, 13 young (26624K), 13 survivors (26624K)
 Metaspace       used 31694K, committed 32064K, reserved 1114112K
  class space    used 3270K, committed 3456K, reserved 1048576K
GC Heap History (20 events):
Event: 932.568 GC heap after
{Heap after GC invocations=139 (full 0):
 garbage-first heap   total reserved 3117056K, committed 647168K, used 81491K [0x0000000741c00000, 0x0000000800000000)
  region size 2048K, 13 young (26624K), 13 survivors (26624K)
 Metaspace       used 31640K, committed 32064K, reserved 1114112K
  class space    used 3270K, committed 3456K, reserved 1048576K
}
Event: 932.856 GC heap before
{Heap before GC invocations=139 (full 0):
 garbage-first heap   total reserved 3117056K, committed 647168K, used 441939K [0x0000000741c00000, 0x0000000800000000)
  region size 2048K, 189 young (387072K), 13 survivors (26624K)
 Metaspace       used 31644K, committed 32064K, reserved 1114112K
  class space    used 3270K, committed 3456K, reserved 1048576K
}
Event: 932.878 GC heap after
{Heap after GC invocations=140 (full 0):
 garbage-first heap   total reserved 3117056K, committed 647168K, used 79500K [0x0000000741c00000, 0x0000000800000000)
  region size 2048K, 12 young (24576K), 12 survivors (24576K)
 Metaspace       used 31644K, committed 32064K, reserved 1114112K
  class space    used 3270K, committed 3456K, reserved 1048576K
}
Event: 933.192 GC heap before
{Heap before GC invocations=140 (full 0):
 garbage-first heap   total reserved 3117056K, committed 647168K, used 441996K [0x0000000741c00000, 0x0000000800000000)
  region size 2048K, 189 young (387072K), 12 survivors (24576K)
 Metaspace       used 31659K, committed 32064K, reserved 1114112K
  class space    used 3270K, committed 3456K, reserved 1048576K
}
Event: 933.216 GC heap after
{Heap after GC invocations=141 (full 0):
 garbage-first heap   total reserved 3117056K, committed 647168K, used 80524K [0x0000000741c00000, 0x0000000800000000)
  region size 2048K, 13 young (26624K), 13 survivors (26624K)
 Metaspace       used 31659K, committed 32064K, reserved 1114112K
  class space    used 3270K, committed 3456K, reserved 1048576K
}
Event: 933.453 GC heap before
{Heap before GC invocations=141 (full 0):
 garbage-first heap   total reserved 3117056K, committed 647168K, used 440972K [0x0000000741c00000, 0x0000000800000000)
  region size 2048K, 189 young (387072K), 13 survivors (26624K)
 Metaspace       used 31665K, committed 32064K, reserved 1114112K
  class space    used 3270K, committed 3456K, reserved 1048576K
}
Event: 933.486 GC heap after
{Heap after GC invocations=142 (full 0):
 garbage-first heap   total reserved 3117056K, committed 878592K, used 80524K [0x0000000741c00000, 0x0000000800000000)
  region size 2048K, 13 young (26624K), 13 survivors (26624K)
 Metaspace       used 31665K, committed 32064K, reserved 1114112K
  class space    used 3270K, committed 3456K, reserved 1048576K
}
Event: 934.125 GC heap before
{Heap before GC invocations=142 (full 0):
 garbage-first heap   total reserved 3117056K, committed 878592K, used 580236K [0x0000000741c00000, 0x0000000800000000)
  region size 2048K, 257 young (526336K), 13 survivors (26624K)
 Metaspace       used 31666K, committed 32064K, reserved 1114112K
  class space    used 3270K, committed 3456K, reserved 1048576K
}
Event: 934.150 GC heap after
{Heap after GC invocations=143 (full 0):
 garbage-first heap   total reserved 3117056K, committed 878592K, used 80524K [0x0000000741c00000, 0x0000000800000000)
  region size 2048K, 13 young (26624K), 13 survivors (26624K)
 Metaspace       used 31666K, committed 32064K, reserved 1114112K
  class space    used 3270K, committed 3456K, reserved 1048576K
}
Event: 934.723 GC heap before
{Heap before GC invocations=143 (full 0):
 garbage-first heap   total reserved 3117056K, committed 878592K, used 580236K [0x0000000741c00000, 0x0000000800000000)
  region size 2048K, 257 young (526336K), 13 survivors (26624K)
 Metaspace       used 31675K, committed 32064K, reserved 1114112K
  class space    used 3270K, committed 3456K, reserved 1048576K
}
Event: 934.747 GC heap after
{Heap after GC invocations=144 (full 0):
 garbage-first heap   total reserved 3117056K, committed 878592K, used 81564K [0x0000000741c00000, 0x0000000800000000)
  region size 2048K, 13 young (26624K), 13 survivors (26624K)
 Metaspace       used 31675K, committed 32064K, reserved 1114112K
  class space    used 3270K, committed 3456K, reserved 1048576K
}
Event: 935.137 GC heap before
{Heap before GC invocations=144 (full 0):
 garbage-first heap   total reserved 3117056K, committed 878592K, used 581276K [0x0000000741c00000, 0x0000000800000000)
  region size 2048K, 257 young (526336K), 13 survivors (26624K)
 Metaspace       used 31675K, committed 32064K, reserved 1114112K
  class space    used 3270K, committed 3456K, reserved 1048576K
}
Event: 935.160 GC heap after
{Heap after GC invocations=145 (full 0):
 garbage-first heap   total reserved 3117056K, committed 878592K, used 81600K [0x0000000741c00000, 0x0000000800000000)
  region size 2048K, 13 young (26624K), 13 survivors (26624K)
 Metaspace       used 31675K, committed 32064K, reserved 1114112K
  class space    used 3270K, committed 3456K, reserved 1048576K
}
Event: 935.644 GC heap before
{Heap before GC invocations=145 (full 0):
 garbage-first heap   total reserved 3117056K, committed 878592K, used 581312K [0x0000000741c00000, 0x0000000800000000)
  region size 2048K, 257 young (526336K), 13 survivors (26624K)
 Metaspace       used 31687K, committed 32064K, reserved 1114112K
  class space    used 3270K, committed 3456K, reserved 1048576K
}
Event: 935.669 GC heap after
{Heap after GC invocations=146 (full 0):
 garbage-first heap   total reserved 3117056K, committed 878592K, used 80610K [0x0000000741c00000, 0x0000000800000000)
  region size 2048K, 13 young (26624K), 13 survivors (26624K)
 Metaspace       used 31687K, committed 32064K, reserved 1114112K
  class space    used 3270K, committed 3456K, reserved 1048576K
}
Event: 936.205 GC heap before
{Heap before GC invocations=146 (full 0):
 garbage-first heap   total reserved 3117056K, committed 878592K, used 580322K [0x0000000741c00000, 0x0000000800000000)
  region size 2048K, 257 young (526336K), 13 survivors (26624K)
 Metaspace       used 31687K, committed 32064K, reserved 1114112K
  class space    used 3270K, committed 3456K, reserved 1048576K
}
Event: 936.229 GC heap after
{Heap after GC invocations=147 (full 0):
 garbage-first heap   total reserved 3117056K, committed 878592K, used 81681K [0x0000000741c00000, 0x0000000800000000)
  region size 2048K, 13 young (26624K), 13 survivors (26624K)
 Metaspace       used 31687K, committed 32064K, reserved 1114112K
  class space    used 3270K, committed 3456K, reserved 1048576K
}
Event: 936.561 GC heap before
{Heap before GC invocations=147 (full 0):
 garbage-first heap   total reserved 3117056K, committed 878592K, used 581393K [0x0000000741c00000, 0x0000000800000000)
  region size 2048K, 257 young (526336K), 13 survivors (26624K)
 Metaspace       used 31689K, committed 32064K, reserved 1114112K
  class space    used 3270K, committed 3456K, reserved 1048576K
}
Event: 936.586 GC heap after
{Heap after GC invocations=148 (full 0):
 garbage-first heap   total reserved 3117056K, committed 878592K, used 80693K [0x0000000741c00000, 0x0000000800000000)
  region size 2048K, 13 young (26624K), 13 survivors (26624K)
 Metaspace       used 31689K, committed 32064K, reserved 1114112K
  class space    used 3270K, committed 3456K, reserved 1048576K
}
Event: 936.857 GC heap before
{Heap before GC invocations=148 (full 0):
 garbage-first heap   total reserved 3117056K, committed 878592K, used 580405K [0x0000000741c00000, 0x0000000800000000)
  region size 2048K, 257 young (526336K), 13 survivors (26624K)
 Metaspace       used 31694K, committed 32064K, reserved 1114112K
  class space    used 3270K, committed 3456K, reserved 1048576K
}

