# JRE version: Java(TM) SE Runtime Environment (24.0.1+9) (build 24.0.1+9-30)
# Java VM: Java HotSpot(TM) 64-Bit Server VM (24.0.1+9-30, mixed mode, sharing, tiered, compressed oops, compressed class ptrs, g1 gc, windows-amd64)
GC Precious Log:
 CardTable entry size: 512
 Card Set container configuration: InlinePtr #cards 4 size 8 Array Of Cards #cards 16 size 48 Howl #buckets 8 coarsen threshold 3686 Howl Bitmap #cards 512 size 80 coarsen threshold 460 Card regions per heap region 1 cards per card region 4096
 CPUs: 4 total, 4 available
 Memory: 12174M
 Large Page Support: Disabled
 NUMA Support: Disabled
 Compressed Oops: Enabled (Zero based)
 Heap Region Size: 2M
 Heap Min Capacity: 8M
 Heap Initial Capacity: 192M
 Heap Max Capacity: 3044M
 Pre-touch: Disabled
 Parallel Workers: 4
 Concurrent Workers: 1
 Concurrent Refinement Workers: 4
 Periodic GC: Disabled
Heap:
 garbage-first heap   total reserved 3117056K, committed 51200K, used 32614K [0x0000000741c00000, 0x0000000800000000)
  region size 2048K, 11 young (22528K), 2 survivors (4096K)
 Metaspace       used 28200K, committed 28672K, reserved 1114112K
  class space    used 2889K, committed 3136K, reserved 1048576K
GC Heap History (16 events):
Event: 1.978 GC heap before
{Heap before GC invocations=0 (full 0):
 garbage-first heap   total reserved 3117056K, committed 198656K, used 29812K [0x0000000741c00000, 0x0000000800000000)
  region size 2048K, 14 young (28672K), 0 survivors (0K)
 Metaspace       used 3579K, committed 3776K, reserved 1114112K
  class space    used 291K, committed 384K, reserved 1048576K
}
Event: 1.991 GC heap after
{Heap after GC invocations=1 (full 0):
 garbage-first heap   total reserved 3117056K, committed 198656K, used 3188K [0x0000000741c00000, 0x0000000800000000)
  region size 2048K, 1 young (2048K), 1 survivors (2048K)
 Metaspace       used 3579K, committed 3776K, reserved 1114112K
  class space    used 291K, committed 384K, reserved 1048576K
}
Event: 3.999 GC heap before
{Heap before GC invocations=1 (full 0):
 garbage-first heap   total reserved 3117056K, committed 198656K, used 91252K [0x0000000741c00000, 0x0000000800000000)
  region size 2048K, 44 young (90112K), 1 survivors (2048K)
 Metaspace       used 12202K, committed 12544K, reserved 1114112K
  class space    used 1281K, committed 1408K, reserved 1048576K
}
Event: 4.008 GC heap after
{Heap after GC invocations=2 (full 0):
 garbage-first heap   total reserved 3117056K, committed 198656K, used 6548K [0x0000000741c00000, 0x0000000800000000)
  region size 2048K, 3 young (6144K), 3 survivors (6144K)
 Metaspace       used 12202K, committed 12544K, reserved 1114112K
  class space    used 1281K, committed 1408K, reserved 1048576K
}
Event: 6.574 GC heap before
{Heap before GC invocations=2 (full 0):
 garbage-first heap   total reserved 3117056K, committed 198656K, used 98708K [0x0000000741c00000, 0x0000000800000000)
  region size 2048K, 49 young (100352K), 3 survivors (6144K)
 Metaspace       used 21207K, committed 21504K, reserved 1114112K
  class space    used 2078K, committed 2240K, reserved 1048576K
}
Event: 6.589 GC heap after
{Heap after GC invocations=3 (full 0):
 garbage-first heap   total reserved 3117056K, committed 198656K, used 10792K [0x0000000741c00000, 0x0000000800000000)
  region size 2048K, 5 young (10240K), 5 survivors (10240K)
 Metaspace       used 21207K, committed 21504K, reserved 1114112K
  class space    used 2078K, committed 2240K, reserved 1048576K
}
Event: 6.775 GC heap before
{Heap before GC invocations=4 (full 0):
 garbage-first heap   total reserved 3117056K, committed 40960K, used 39464K [0x0000000741c00000, 0x0000000800000000)
  region size 2048K, 19 young (38912K), 5 survivors (10240K)
 Metaspace       used 21215K, committed 21568K, reserved 1114112K
  class space    used 2078K, committed 2240K, reserved 1048576K
}
Event: 6.790 GC heap after
{Heap after GC invocations=5 (full 0):
 garbage-first heap   total reserved 3117056K, committed 51200K, used 11272K [0x0000000741c00000, 0x0000000800000000)
  region size 2048K, 4 young (8192K), 4 survivors (8192K)
 Metaspace       used 21215K, committed 21568K, reserved 1114112K
  class space    used 2078K, committed 2240K, reserved 1048576K
}
Event: 7.380 GC heap before
{Heap before GC invocations=5 (full 0):
 garbage-first heap   total reserved 3117056K, committed 51200K, used 33800K [0x0000000741c00000, 0x0000000800000000)
  region size 2048K, 15 young (30720K), 4 survivors (8192K)
 Metaspace       used 23595K, committed 23936K, reserved 1114112K
  class space    used 2343K, committed 2496K, reserved 1048576K
}
Event: 7.395 GC heap after
{Heap after GC invocations=6 (full 0):
 garbage-first heap   total reserved 3117056K, committed 51200K, used 11950K [0x0000000741c00000, 0x0000000800000000)
  region size 2048K, 1 young (2048K), 1 survivors (2048K)
 Metaspace       used 23595K, committed 23936K, reserved 1114112K
  class space    used 2343K, committed 2496K, reserved 1048576K
}
Event: 8.428 GC heap before
{Heap before GC invocations=6 (full 0):
 garbage-first heap   total reserved 3117056K, committed 51200K, used 38574K [0x0000000741c00000, 0x0000000800000000)
  region size 2048K, 14 young (28672K), 1 survivors (2048K)
 Metaspace       used 25229K, committed 25664K, reserved 1114112K
  class space    used 2502K, committed 2688K, reserved 1048576K
}
Event: 8.433 GC heap after
{Heap after GC invocations=7 (full 0):
 garbage-first heap   total reserved 3117056K, committed 51200K, used 13553K [0x0000000741c00000, 0x0000000800000000)
  region size 2048K, 2 young (4096K), 2 survivors (4096K)
 Metaspace       used 25229K, committed 25664K, reserved 1114112K
  class space    used 2502K, committed 2688K, reserved 1048576K
}
Event: 11.360 GC heap before
{Heap before GC invocations=7 (full 0):
 garbage-first heap   total reserved 3117056K, committed 51200K, used 40177K [0x0000000741c00000, 0x0000000800000000)
  region size 2048K, 15 young (30720K), 2 survivors (4096K)
 Metaspace       used 26716K, committed 27136K, reserved 1114112K
  class space    used 2715K, committed 2880K, reserved 1048576K
}
Event: 11.371 GC heap after
{Heap after GC invocations=8 (full 0):
 garbage-first heap   total reserved 3117056K, committed 51200K, used 15354K [0x0000000741c00000, 0x0000000800000000)
  region size 2048K, 1 young (2048K), 1 survivors (2048K)
 Metaspace       used 26716K, committed 27136K, reserved 1114112K
  class space    used 2715K, committed 2880K, reserved 1048576K
}
Event: 173.026 GC heap before
{Heap before GC invocations=8 (full 0):
 garbage-first heap   total reserved 3117056K, committed 51200K, used 39930K [0x0000000741c00000, 0x0000000800000000)
  region size 2048K, 13 young (26624K), 1 survivors (2048K)
 Metaspace       used 28040K, committed 28544K, reserved 1114112K
  class space    used 2888K, committed 3136K, reserved 1048576K
}
Event: 173.031 GC heap after
{Heap after GC invocations=9 (full 0):
 garbage-first heap   total reserved 3117056K, committed 51200K, used 16230K [0x0000000741c00000, 0x0000000800000000)
  region size 2048K, 2 young (4096K), 2 survivors (4096K)
 Metaspace       used 28040K, committed 28544K, reserved 1114112K
  class space    used 2888K, committed 3136K, reserved 1048576K
}

