# JRE version: Java(TM) SE Runtime Environment (24.0.1+9) (build 24.0.1+9-30)
# Java VM: Java HotSpot(TM) 64-Bit Server VM (24.0.1+9-30, mixed mode, sharing, tiered, compressed oops, compressed class ptrs, g1 gc, windows-amd64)
GC Precious Log:
 CardTable entry size: 512
 Card Set container configuration: InlinePtr #cards 4 size 8 Array Of Cards #cards 16 size 48 Howl #buckets 8 coarsen threshold 3686 Howl Bitmap #cards 512 size 80 coarsen threshold 460 Card regions per heap region 1 cards per card region 4096
 CPUs: 4 total, 4 available
 Memory: 12174M
 Large Page Support: Disabled
 NUMA Support: Disabled
 Compressed Oops: Enabled (Zero based)
 Heap Region Size: 2M
 Heap Min Capacity: 8M
 Heap Initial Capacity: 192M
 Heap Max Capacity: 3044M
 Pre-touch: Disabled
 Parallel Workers: 4
 Concurrent Workers: 1
 Concurrent Refinement Workers: 4
 Periodic GC: Disabled
Heap:
 garbage-first heap   total reserved 3117056K, committed 169984K, used 94555K [0x0000000741c00000, 0x0000000800000000)
  region size 2048K, 34 young (69632K), 1 survivors (2048K)
 Metaspace       used 33726K, committed 34240K, reserved 1114112K
  class space    used 3423K, committed 3648K, reserved 1048576K
GC Heap History (20 events):
Event: 968.293 GC heap before
{Heap before GC invocations=207 (full 0):
 garbage-first heap   total reserved 3117056K, committed 169984K, used 127288K [0x0000000741c00000, 0x0000000800000000)
  region size 2048K, 49 young (100352K), 1 survivors (2048K)
 Metaspace       used 33712K, committed 34176K, reserved 1114112K
  class space    used 3422K, committed 3648K, reserved 1048576K
}
Event: 968.294 GC heap after
{Heap after GC invocations=208 (full 0):
 garbage-first heap   total reserved 3117056K, committed 169984K, used 29025K [0x0000000741c00000, 0x0000000800000000)
  region size 2048K, 1 young (2048K), 1 survivors (2048K)
 Metaspace       used 33712K, committed 34176K, reserved 1114112K
  class space    used 3422K, committed 3648K, reserved 1048576K
}
Event: 968.659 GC heap before
{Heap before GC invocations=208 (full 0):
 garbage-first heap   total reserved 3117056K, committed 169984K, used 127329K [0x0000000741c00000, 0x0000000800000000)
  region size 2048K, 49 young (100352K), 1 survivors (2048K)
 Metaspace       used 33712K, committed 34176K, reserved 1114112K
  class space    used 3422K, committed 3648K, reserved 1048576K
}
Event: 968.661 GC heap after
{Heap after GC invocations=209 (full 0):
 garbage-first heap   total reserved 3117056K, committed 169984K, used 29006K [0x0000000741c00000, 0x0000000800000000)
  region size 2048K, 1 young (2048K), 1 survivors (2048K)
 Metaspace       used 33712K, committed 34176K, reserved 1114112K
  class space    used 3422K, committed 3648K, reserved 1048576K
}
Event: 969.021 GC heap before
{Heap before GC invocations=209 (full 0):
 garbage-first heap   total reserved 3117056K, committed 169984K, used 127310K [0x0000000741c00000, 0x0000000800000000)
  region size 2048K, 49 young (100352K), 1 survivors (2048K)
 Metaspace       used 33715K, committed 34240K, reserved 1114112K
  class space    used 3422K, committed 3648K, reserved 1048576K
}
Event: 969.022 GC heap after
{Heap after GC invocations=210 (full 0):
 garbage-first heap   total reserved 3117056K, committed 169984K, used 28904K [0x0000000741c00000, 0x0000000800000000)
  region size 2048K, 1 young (2048K), 1 survivors (2048K)
 Metaspace       used 33715K, committed 34240K, reserved 1114112K
  class space    used 3422K, committed 3648K, reserved 1048576K
}
Event: 969.077 GC heap before
{Heap before GC invocations=210 (full 0):
 garbage-first heap   total reserved 3117056K, committed 169984K, used 127208K [0x0000000741c00000, 0x0000000800000000)
  region size 2048K, 49 young (100352K), 1 survivors (2048K)
 Metaspace       used 33715K, committed 34240K, reserved 1114112K
  class space    used 3422K, committed 3648K, reserved 1048576K
}
Event: 969.078 GC heap after
{Heap after GC invocations=211 (full 0):
 garbage-first heap   total reserved 3117056K, committed 169984K, used 29015K [0x0000000741c00000, 0x0000000800000000)
  region size 2048K, 1 young (2048K), 1 survivors (2048K)
 Metaspace       used 33715K, committed 34240K, reserved 1114112K
  class space    used 3422K, committed 3648K, reserved 1048576K
}
Event: 969.405 GC heap before
{Heap before GC invocations=211 (full 0):
 garbage-first heap   total reserved 3117056K, committed 169984K, used 127319K [0x0000000741c00000, 0x0000000800000000)
  region size 2048K, 49 young (100352K), 1 survivors (2048K)
 Metaspace       used 33715K, committed 34240K, reserved 1114112K
  class space    used 3422K, committed 3648K, reserved 1048576K
}
Event: 969.407 GC heap after
{Heap after GC invocations=212 (full 0):
 garbage-first heap   total reserved 3117056K, committed 169984K, used 28993K [0x0000000741c00000, 0x0000000800000000)
  region size 2048K, 1 young (2048K), 1 survivors (2048K)
 Metaspace       used 33715K, committed 34240K, reserved 1114112K
  class space    used 3422K, committed 3648K, reserved 1048576K
}
Event: 969.714 GC heap before
{Heap before GC invocations=212 (full 0):
 garbage-first heap   total reserved 3117056K, committed 169984K, used 127297K [0x0000000741c00000, 0x0000000800000000)
  region size 2048K, 49 young (100352K), 1 survivors (2048K)
 Metaspace       used 33715K, committed 34240K, reserved 1114112K
  class space    used 3422K, committed 3648K, reserved 1048576K
}
Event: 969.715 GC heap after
{Heap after GC invocations=213 (full 0):
 garbage-first heap   total reserved 3117056K, committed 169984K, used 28924K [0x0000000741c00000, 0x0000000800000000)
  region size 2048K, 1 young (2048K), 1 survivors (2048K)
 Metaspace       used 33715K, committed 34240K, reserved 1114112K
  class space    used 3422K, committed 3648K, reserved 1048576K
}
Event: 969.781 GC heap before
{Heap before GC invocations=213 (full 0):
 garbage-first heap   total reserved 3117056K, committed 169984K, used 127228K [0x0000000741c00000, 0x0000000800000000)
  region size 2048K, 49 young (100352K), 1 survivors (2048K)
 Metaspace       used 33718K, committed 34240K, reserved 1114112K
  class space    used 3423K, committed 3648K, reserved 1048576K
}
Event: 969.783 GC heap after
{Heap after GC invocations=214 (full 0):
 garbage-first heap   total reserved 3117056K, committed 169984K, used 29050K [0x0000000741c00000, 0x0000000800000000)
  region size 2048K, 1 young (2048K), 1 survivors (2048K)
 Metaspace       used 33718K, committed 34240K, reserved 1114112K
  class space    used 3423K, committed 3648K, reserved 1048576K
}
Event: 970.272 GC heap before
{Heap before GC invocations=214 (full 0):
 garbage-first heap   total reserved 3117056K, committed 169984K, used 127354K [0x0000000741c00000, 0x0000000800000000)
  region size 2048K, 49 young (100352K), 1 survivors (2048K)
 Metaspace       used 33718K, committed 34240K, reserved 1114112K
  class space    used 3423K, committed 3648K, reserved 1048576K
}
Event: 970.273 GC heap after
{Heap after GC invocations=215 (full 0):
 garbage-first heap   total reserved 3117056K, committed 169984K, used 29016K [0x0000000741c00000, 0x0000000800000000)
  region size 2048K, 1 young (2048K), 1 survivors (2048K)
 Metaspace       used 33718K, committed 34240K, reserved 1114112K
  class space    used 3423K, committed 3648K, reserved 1048576K
}
Event: 971.027 GC heap before
{Heap before GC invocations=215 (full 0):
 garbage-first heap   total reserved 3117056K, committed 169984K, used 127320K [0x0000000741c00000, 0x0000000800000000)
  region size 2048K, 49 young (100352K), 1 survivors (2048K)
 Metaspace       used 33721K, committed 34240K, reserved 1114112K
  class space    used 3423K, committed 3648K, reserved 1048576K
}
Event: 971.029 GC heap after
{Heap after GC invocations=216 (full 0):
 garbage-first heap   total reserved 3117056K, committed 169984K, used 28916K [0x0000000741c00000, 0x0000000800000000)
  region size 2048K, 1 young (2048K), 1 survivors (2048K)
 Metaspace       used 33721K, committed 34240K, reserved 1114112K
  class space    used 3423K, committed 3648K, reserved 1048576K
}
Event: 971.170 GC heap before
{Heap before GC invocations=216 (full 0):
 garbage-first heap   total reserved 3117056K, committed 169984K, used 127220K [0x0000000741c00000, 0x0000000800000000)
  region size 2048K, 49 young (100352K), 1 survivors (2048K)
 Metaspace       used 33721K, committed 34240K, reserved 1114112K
  class space    used 3423K, committed 3648K, reserved 1048576K
}
Event: 971.171 GC heap after
{Heap after GC invocations=217 (full 0):
 garbage-first heap   total reserved 3117056K, committed 169984K, used 29039K [0x0000000741c00000, 0x0000000800000000)
  region size 2048K, 1 young (2048K), 1 survivors (2048K)
 Metaspace       used 33721K, committed 34240K, reserved 1114112K
  class space    used 3423K, committed 3648K, reserved 1048576K
}

