# JRE version: Java(TM) SE Runtime Environment (24.0.1+9) (build 24.0.1+9-30)
# Java VM: Java HotSpot(TM) 64-Bit Server VM (24.0.1+9-30, mixed mode, sharing, tiered, compressed oops, compressed class ptrs, g1 gc, windows-amd64)
GC Precious Log:
 CardTable entry size: 512
 Card Set container configuration: InlinePtr #cards 4 size 8 Array Of Cards #cards 16 size 48 Howl #buckets 8 coarsen threshold 3686 Howl Bitmap #cards 512 size 80 coarsen threshold 460 Card regions per heap region 1 cards per card region 4096
 CPUs: 4 total, 4 available
 Memory: 12174M
 Large Page Support: Disabled
 NUMA Support: Disabled
 Compressed Oops: Enabled (Zero based)
 Heap Region Size: 2M
 Heap Min Capacity: 8M
 Heap Initial Capacity: 192M
 Heap Max Capacity: 3044M
 Pre-touch: Disabled
 Parallel Workers: 4
 Concurrent Workers: 1
 Concurrent Refinement Workers: 4
 Periodic GC: Disabled
Heap:
 garbage-first heap   total reserved 3117056K, committed 133120K, used 104817K [0x0000000741c00000, 0x0000000800000000)
  region size 2048K, 39 young (79872K), 1 survivors (2048K)
 Metaspace       used 31721K, committed 32128K, reserved 1114112K
  class space    used 3280K, committed 3456K, reserved 1048576K
GC Heap History (20 events):
Event: 1346.581 GC heap before
{Heap before GC invocations=48 (full 0):
 garbage-first heap   total reserved 3117056K, committed 92160K, used 78275K [0x0000000741c00000, 0x0000000800000000)
  region size 2048K, 27 young (55296K), 1 survivors (2048K)
 Metaspace       used 31599K, committed 32064K, reserved 1114112K
  class space    used 3265K, committed 3456K, reserved 1048576K
}
Event: 1346.582 GC heap after
{Heap after GC invocations=49 (full 0):
 garbage-first heap   total reserved 3117056K, committed 92160K, used 25032K [0x0000000741c00000, 0x0000000800000000)
  region size 2048K, 1 young (2048K), 1 survivors (2048K)
 Metaspace       used 31599K, committed 32064K, reserved 1114112K
  class space    used 3265K, committed 3456K, reserved 1048576K
}
Event: 1346.917 GC heap before
{Heap before GC invocations=49 (full 0):
 garbage-first heap   total reserved 3117056K, committed 92160K, used 78280K [0x0000000741c00000, 0x0000000800000000)
  region size 2048K, 27 young (55296K), 1 survivors (2048K)
 Metaspace       used 31599K, committed 32064K, reserved 1114112K
  class space    used 3265K, committed 3456K, reserved 1048576K
}
Event: 1346.918 GC heap after
{Heap after GC invocations=50 (full 0):
 garbage-first heap   total reserved 3117056K, committed 92160K, used 25038K [0x0000000741c00000, 0x0000000800000000)
  region size 2048K, 1 young (2048K), 1 survivors (2048K)
 Metaspace       used 31599K, committed 32064K, reserved 1114112K
  class space    used 3265K, committed 3456K, reserved 1048576K
}
Event: 1354.483 GC heap before
{Heap before GC invocations=50 (full 0):
 garbage-first heap   total reserved 3117056K, committed 92160K, used 78286K [0x0000000741c00000, 0x0000000800000000)
  region size 2048K, 27 young (55296K), 1 survivors (2048K)
 Metaspace       used 31607K, committed 32064K, reserved 1114112K
  class space    used 3265K, committed 3456K, reserved 1048576K
}
Event: 1354.484 GC heap after
{Heap after GC invocations=51 (full 0):
 garbage-first heap   total reserved 3117056K, committed 92160K, used 25036K [0x0000000741c00000, 0x0000000800000000)
  region size 2048K, 1 young (2048K), 1 survivors (2048K)
 Metaspace       used 31607K, committed 32064K, reserved 1114112K
  class space    used 3265K, committed 3456K, reserved 1048576K
}
Event: 1516.278 GC heap before
{Heap before GC invocations=51 (full 0):
 garbage-first heap   total reserved 3117056K, committed 92160K, used 78284K [0x0000000741c00000, 0x0000000800000000)
  region size 2048K, 27 young (55296K), 1 survivors (2048K)
 Metaspace       used 31679K, committed 32128K, reserved 1114112K
  class space    used 3271K, committed 3456K, reserved 1048576K
}
Event: 1516.280 GC heap after
{Heap after GC invocations=52 (full 0):
 garbage-first heap   total reserved 3117056K, committed 92160K, used 26566K [0x0000000741c00000, 0x0000000800000000)
  region size 2048K, 1 young (2048K), 1 survivors (2048K)
 Metaspace       used 31679K, committed 32128K, reserved 1114112K
  class space    used 3271K, committed 3456K, reserved 1048576K
}
Event: 1516.311 GC heap before
{Heap before GC invocations=52 (full 0):
 garbage-first heap   total reserved 3117056K, committed 92160K, used 79814K [0x0000000741c00000, 0x0000000800000000)
  region size 2048K, 27 young (55296K), 1 survivors (2048K)
 Metaspace       used 31680K, committed 32128K, reserved 1114112K
  class space    used 3271K, committed 3456K, reserved 1048576K
}
Event: 1516.313 GC heap after
{Heap after GC invocations=53 (full 0):
 garbage-first heap   total reserved 3117056K, committed 92160K, used 26730K [0x0000000741c00000, 0x0000000800000000)
  region size 2048K, 1 young (2048K), 1 survivors (2048K)
 Metaspace       used 31680K, committed 32128K, reserved 1114112K
  class space    used 3271K, committed 3456K, reserved 1048576K
}
Event: 1516.463 GC heap before
{Heap before GC invocations=53 (full 0):
 garbage-first heap   total reserved 3117056K, committed 92160K, used 79978K [0x0000000741c00000, 0x0000000800000000)
  region size 2048K, 27 young (55296K), 1 survivors (2048K)
 Metaspace       used 31680K, committed 32128K, reserved 1114112K
  class space    used 3271K, committed 3456K, reserved 1048576K
}
Event: 1516.466 GC heap after
{Heap after GC invocations=54 (full 0):
 garbage-first heap   total reserved 3117056K, committed 92160K, used 26668K [0x0000000741c00000, 0x0000000800000000)
  region size 2048K, 1 young (2048K), 1 survivors (2048K)
 Metaspace       used 31680K, committed 32128K, reserved 1114112K
  class space    used 3271K, committed 3456K, reserved 1048576K
}
Event: 1516.498 GC heap before
{Heap before GC invocations=54 (full 0):
 garbage-first heap   total reserved 3117056K, committed 92160K, used 79916K [0x0000000741c00000, 0x0000000800000000)
  region size 2048K, 27 young (55296K), 1 survivors (2048K)
 Metaspace       used 31680K, committed 32128K, reserved 1114112K
  class space    used 3271K, committed 3456K, reserved 1048576K
}
Event: 1516.501 GC heap after
{Heap after GC invocations=55 (full 0):
 garbage-first heap   total reserved 3117056K, committed 92160K, used 26765K [0x0000000741c00000, 0x0000000800000000)
  region size 2048K, 1 young (2048K), 1 survivors (2048K)
 Metaspace       used 31680K, committed 32128K, reserved 1114112K
  class space    used 3271K, committed 3456K, reserved 1048576K
}
Event: 1516.693 GC heap before
{Heap before GC invocations=55 (full 0):
 garbage-first heap   total reserved 3117056K, committed 92160K, used 77965K [0x0000000741c00000, 0x0000000800000000)
  region size 2048K, 27 young (55296K), 1 survivors (2048K)
 Metaspace       used 31680K, committed 32128K, reserved 1114112K
  class space    used 3271K, committed 3456K, reserved 1048576K
}
Event: 1516.695 GC heap after
{Heap after GC invocations=56 (full 0):
 garbage-first heap   total reserved 3117056K, committed 92160K, used 26754K [0x0000000741c00000, 0x0000000800000000)
  region size 2048K, 1 young (2048K), 1 survivors (2048K)
 Metaspace       used 31680K, committed 32128K, reserved 1114112K
  class space    used 3271K, committed 3456K, reserved 1048576K
}
Event: 1516.809 GC heap before
{Heap before GC invocations=56 (full 0):
 garbage-first heap   total reserved 3117056K, committed 92160K, used 80002K [0x0000000741c00000, 0x0000000800000000)
  region size 2048K, 27 young (55296K), 1 survivors (2048K)
 Metaspace       used 31696K, committed 32128K, reserved 1114112K
  class space    used 3277K, committed 3456K, reserved 1048576K
}
Event: 1516.812 GC heap after
{Heap after GC invocations=57 (full 0):
 garbage-first heap   total reserved 3117056K, committed 133120K, used 26779K [0x0000000741c00000, 0x0000000800000000)
  region size 2048K, 1 young (2048K), 1 survivors (2048K)
 Metaspace       used 31696K, committed 32128K, reserved 1114112K
  class space    used 3277K, committed 3456K, reserved 1048576K
}
Event: 1517.113 GC heap before
{Heap before GC invocations=57 (full 0):
 garbage-first heap   total reserved 3117056K, committed 133120K, used 104603K [0x0000000741c00000, 0x0000000800000000)
  region size 2048K, 39 young (79872K), 1 survivors (2048K)
 Metaspace       used 31706K, committed 32128K, reserved 1114112K
  class space    used 3278K, committed 3456K, reserved 1048576K
}
Event: 1517.116 GC heap after
{Heap after GC invocations=58 (full 0):
 garbage-first heap   total reserved 3117056K, committed 133120K, used 26893K [0x0000000741c00000, 0x0000000800000000)
  region size 2048K, 1 young (2048K), 1 survivors (2048K)
 Metaspace       used 31706K, committed 32128K, reserved 1114112K
  class space    used 3278K, committed 3456K, reserved 1048576K
}

