# JRE version: Java(TM) SE Runtime Environment (24.0.1+9) (build 24.0.1+9-30)
# Java VM: Java HotSpot(TM) 64-Bit Server VM (24.0.1+9-30, mixed mode, sharing, tiered, compressed oops, compressed class ptrs, g1 gc, windows-amd64)
GC Precious Log:
 CardTable entry size: 512
 Card Set container configuration: InlinePtr #cards 4 size 8 Array Of Cards #cards 16 size 48 Howl #buckets 8 coarsen threshold 3686 Howl Bitmap #cards 512 size 80 coarsen threshold 460 Card regions per heap region 1 cards per card region 4096
 CPUs: 4 total, 4 available
 Memory: 12174M
 Large Page Support: Disabled
 NUMA Support: Disabled
 Compressed Oops: Enabled (Zero based)
 Heap Region Size: 2M
 Heap Min Capacity: 8M
 Heap Initial Capacity: 192M
 Heap Max Capacity: 3044M
 Pre-touch: Disabled
 Parallel Workers: 4
 Concurrent Workers: 1
 Concurrent Refinement Workers: 4
 Periodic GC: Disabled
Heap:
 garbage-first heap   total reserved 3117056K, committed 71680K, used 31509K [0x0000000741c00000, 0x0000000800000000)
  region size 2048K, 9 young (18432K), 1 survivors (2048K)
 Metaspace       used 30403K, committed 30848K, reserved 1114112K
  class space    used 3175K, committed 3392K, reserved 1048576K
GC Heap History (20 events):
Event: 15.706 GC heap before
{Heap before GC invocations=1 (full 0):
 garbage-first heap   total reserved 3117056K, committed 198656K, used 91252K [0x0000000741c00000, 0x0000000800000000)
  region size 2048K, 44 young (90112K), 1 survivors (2048K)
 Metaspace       used 12211K, committed 12544K, reserved 1114112K
  class space    used 1281K, committed 1408K, reserved 1048576K
}
Event: 15.715 GC heap after
{Heap after GC invocations=2 (full 0):
 garbage-first heap   total reserved 3117056K, committed 198656K, used 6352K [0x0000000741c00000, 0x0000000800000000)
  region size 2048K, 3 young (6144K), 3 survivors (6144K)
 Metaspace       used 12211K, committed 12544K, reserved 1114112K
  class space    used 1281K, committed 1408K, reserved 1048576K
}
Event: 19.179 GC heap before
{Heap before GC invocations=2 (full 0):
 garbage-first heap   total reserved 3117056K, committed 198656K, used 98512K [0x0000000741c00000, 0x0000000800000000)
  region size 2048K, 49 young (100352K), 3 survivors (6144K)
 Metaspace       used 21189K, committed 21504K, reserved 1114112K
  class space    used 2078K, committed 2240K, reserved 1048576K
}
Event: 19.196 GC heap after
{Heap after GC invocations=3 (full 0):
 garbage-first heap   total reserved 3117056K, committed 198656K, used 10580K [0x0000000741c00000, 0x0000000800000000)
  region size 2048K, 5 young (10240K), 5 survivors (10240K)
 Metaspace       used 21189K, committed 21504K, reserved 1114112K
  class space    used 2078K, committed 2240K, reserved 1048576K
}
Event: 19.669 GC heap before
{Heap before GC invocations=4 (full 0):
 garbage-first heap   total reserved 3117056K, committed 40960K, used 39252K [0x0000000741c00000, 0x0000000800000000)
  region size 2048K, 19 young (38912K), 5 survivors (10240K)
 Metaspace       used 21197K, committed 21568K, reserved 1114112K
  class space    used 2078K, committed 2240K, reserved 1048576K
}
Event: 19.686 GC heap after
{Heap after GC invocations=5 (full 0):
 garbage-first heap   total reserved 3117056K, committed 51200K, used 11216K [0x0000000741c00000, 0x0000000800000000)
  region size 2048K, 4 young (8192K), 4 survivors (8192K)
 Metaspace       used 21197K, committed 21568K, reserved 1114112K
  class space    used 2078K, committed 2240K, reserved 1048576K
}
Event: 20.593 GC heap before
{Heap before GC invocations=5 (full 0):
 garbage-first heap   total reserved 3117056K, committed 51200K, used 33744K [0x0000000741c00000, 0x0000000800000000)
  region size 2048K, 15 young (30720K), 4 survivors (8192K)
 Metaspace       used 23337K, committed 23680K, reserved 1114112K
  class space    used 2336K, committed 2496K, reserved 1048576K
}
Event: 20.608 GC heap after
{Heap after GC invocations=6 (full 0):
 garbage-first heap   total reserved 3117056K, committed 51200K, used 11666K [0x0000000741c00000, 0x0000000800000000)
  region size 2048K, 1 young (2048K), 1 survivors (2048K)
 Metaspace       used 23337K, committed 23680K, reserved 1114112K
  class space    used 2336K, committed 2496K, reserved 1048576K
}
Event: 21.747 GC heap before
{Heap before GC invocations=6 (full 0):
 garbage-first heap   total reserved 3117056K, committed 51200K, used 38290K [0x0000000741c00000, 0x0000000800000000)
  region size 2048K, 14 young (28672K), 1 survivors (2048K)
 Metaspace       used 25181K, committed 25536K, reserved 1114112K
  class space    used 2496K, committed 2688K, reserved 1048576K
}
Event: 21.753 GC heap after
{Heap after GC invocations=7 (full 0):
 garbage-first heap   total reserved 3117056K, committed 51200K, used 13557K [0x0000000741c00000, 0x0000000800000000)
  region size 2048K, 2 young (4096K), 2 survivors (4096K)
 Metaspace       used 25181K, committed 25536K, reserved 1114112K
  class space    used 2496K, committed 2688K, reserved 1048576K
}
Event: 26.796 GC heap before
{Heap before GC invocations=7 (full 0):
 garbage-first heap   total reserved 3117056K, committed 51200K, used 40181K [0x0000000741c00000, 0x0000000800000000)
  region size 2048K, 15 young (30720K), 2 survivors (4096K)
 Metaspace       used 26593K, committed 27008K, reserved 1114112K
  class space    used 2697K, committed 2880K, reserved 1048576K
}
Event: 26.802 GC heap after
{Heap after GC invocations=8 (full 0):
 garbage-first heap   total reserved 3117056K, committed 51200K, used 15682K [0x0000000741c00000, 0x0000000800000000)
  region size 2048K, 1 young (2048K), 1 survivors (2048K)
 Metaspace       used 26593K, committed 27008K, reserved 1114112K
  class space    used 2697K, committed 2880K, reserved 1048576K
}
Event: 30.505 GC heap before
{Heap before GC invocations=8 (full 0):
 garbage-first heap   total reserved 3117056K, committed 51200K, used 40258K [0x0000000741c00000, 0x0000000800000000)
  region size 2048K, 13 young (26624K), 1 survivors (2048K)
 Metaspace       used 29751K, committed 30208K, reserved 1114112K
  class space    used 3104K, committed 3328K, reserved 1048576K
}
Event: 30.511 GC heap after
{Heap after GC invocations=9 (full 0):
 garbage-first heap   total reserved 3117056K, committed 51200K, used 17082K [0x0000000741c00000, 0x0000000800000000)
  region size 2048K, 2 young (4096K), 2 survivors (4096K)
 Metaspace       used 29751K, committed 30208K, reserved 1114112K
  class space    used 3104K, committed 3328K, reserved 1048576K
}
Event: 30.799 GC heap before
{Heap before GC invocations=9 (full 0):
 garbage-first heap   total reserved 3117056K, committed 51200K, used 41658K [0x0000000741c00000, 0x0000000800000000)
  region size 2048K, 14 young (28672K), 2 survivors (4096K)
 Metaspace       used 30046K, committed 30464K, reserved 1114112K
  class space    used 3131K, committed 3328K, reserved 1048576K
}
Event: 30.804 GC heap after
{Heap after GC invocations=10 (full 0):
 garbage-first heap   total reserved 3117056K, committed 51200K, used 17361K [0x0000000741c00000, 0x0000000800000000)
  region size 2048K, 1 young (2048K), 1 survivors (2048K)
 Metaspace       used 30046K, committed 30464K, reserved 1114112K
  class space    used 3131K, committed 3328K, reserved 1048576K
}
Event: 30.928 GC heap before
{Heap before GC invocations=10 (full 0):
 garbage-first heap   total reserved 3117056K, committed 51200K, used 43985K [0x0000000741c00000, 0x0000000800000000)
  region size 2048K, 14 young (28672K), 1 survivors (2048K)
 Metaspace       used 30156K, committed 30592K, reserved 1114112K
  class space    used 3142K, committed 3328K, reserved 1048576K
}
Event: 30.931 GC heap after
{Heap after GC invocations=11 (full 0):
 garbage-first heap   total reserved 3117056K, committed 51200K, used 17176K [0x0000000741c00000, 0x0000000800000000)
  region size 2048K, 1 young (2048K), 1 survivors (2048K)
 Metaspace       used 30156K, committed 30592K, reserved 1114112K
  class space    used 3142K, committed 3328K, reserved 1048576K
}
Event: 31.027 GC heap before
{Heap before GC invocations=11 (full 0):
 garbage-first heap   total reserved 3117056K, committed 51200K, used 43800K [0x0000000741c00000, 0x0000000800000000)
  region size 2048K, 14 young (28672K), 1 survivors (2048K)
 Metaspace       used 30270K, committed 30784K, reserved 1114112K
  class space    used 3164K, committed 3392K, reserved 1048576K
}
Event: 31.032 GC heap after
{Heap after GC invocations=12 (full 0):
 garbage-first heap   total reserved 3117056K, committed 71680K, used 17204K [0x0000000741c00000, 0x0000000800000000)
  region size 2048K, 1 young (2048K), 1 survivors (2048K)
 Metaspace       used 30270K, committed 30784K, reserved 1114112K
  class space    used 3164K, committed 3392K, reserved 1048576K
}

